Line 21: Class ComCtl2.UpDown of control UpDown1 was not a loaded control class.
Line 27: The property name _ExtentX in UpDown1 is invalid.
Line 28: The property name _ExtentY in UpDown1 is invalid.
Line 29: The property name _Version in UpDown1 is invalid.
Line 30: The property name Value in UpDown1 is invalid.
Line 31: The property name BuddyControl in UpDown1 is invalid.
Line 32: The property name BuddyDispid in UpDown1 is invalid.
Line 33: The property name OrigLeft in UpDown1 is invalid.
Line 34: The property name OrigTop in UpDown1 is invalid.
Line 35: The property name OrigRight in UpDown1 is invalid.
Line 36: The property name OrigBottom in UpDown1 is invalid.
Line 37: The property name Max in UpDown1 is invalid.
Line 38: The property name Min in UpDown1 is invalid.
Line 39: The property name SyncBuddy in UpDown1 is invalid.
Line 40: The property name BuddyProperty in UpDown1 is invalid.
Line 27: The property name _ExtentX in UpDown1 is invalid.
Line 28: The property name _ExtentY in UpDown1 is invalid.
Line 29: The property name _Version in UpDown1 is invalid.
Line 30: The property name Value in UpDown1 is invalid.
Line 31: The property name BuddyControl in UpDown1 is invalid.
Line 32: The property name BuddyDispid in UpDown1 is invalid.
Line 33: The property name OrigLeft in UpDown1 is invalid.
Line 34: The property name OrigTop in UpDown1 is invalid.
Line 35: The property name OrigRight in UpDown1 is invalid.
Line 36: The property name OrigBottom in UpDown1 is invalid.
Line 37: The property name Max in UpDown1 is invalid.
Line 38: The property name Min in UpDown1 is invalid.
Line 39: The property name SyncBuddy in UpDown1 is invalid.
Line 40: The property name BuddyProperty in UpDown1 is invalid.
